

['/home/mohit/opt/Malware-Project/BigDataset/IoTScenarios/CTU-IoT-Malware-Capture-34-1/bro/conn.log.labeled', '/home/mohit/opt/Malware-Project/BigDataset/IoTScenarios/CTU-IoT-Malware-Capture-35-1/bro/conn.log.labeled', '/home/mohit/opt/Malware-Project/BigDataset/IoTScenarios/CTU-IoT-Malware-Capture-60-1/bro/conn.log.labeled', '/home/mohit/opt/Malware-Project/BigDataset/IoTScenarios/CTU-Honeypot-Capture-4-1/bro/conn.log.labeled', '/home/mohit/opt/Malware-Project/BigDataset/IoTScenarios/CTU-IoT-Malware-Capture-42-1/bro/conn.log.labeled', '/home/mohit/opt/Malware-Project/BigDataset/IoTScenarios/CTU-IoT-Malware-Capture-9-1/bro/conn.log.labeled', '/home/mohit/opt/Malware-Project/BigDataset/IoTScenarios/CTU-IoT-Malware-Capture-8-1/bro/conn.log.labeled', '/home/mohit/opt/Malware-Project/BigDataset/IoTScenarios/CTU-IoT-Malware-Capture-43-1/bro/conn.log.labeled', '/home/mohit/opt/Malware-Project/BigDataset/IoTScenarios/CTU-IoT-Malware-Capture-20-1/bro/conn.log.labeled', '/home/mohit/opt/Malware-Project/BigDataset/IoTScenarios/CTU-IoT-Malware-Capture-39-1/bro/conn.log.labeled', '/home/mohit/opt/Malware-Project/BigDataset/IoTScenarios/CTU-IoT-Malware-Capture-21-1/bro/conn.log.labeled', '/home/mohit/opt/Malware-Project/BigDataset/IoTScenarios/CTU-IoT-Malware-Capture-44-1/bro/conn.log.labeled', '/home/mohit/opt/Malware-Project/BigDataset/IoTScenarios/CTU-IoT-Malware-Capture-17-1/bro/conn.log.labeled', '/home/mohit/opt/Malware-Project/BigDataset/IoTScenarios/CTU-Honeypot-Capture-5-1/bro/conn.log.labeled', '/home/mohit/opt/Malware-Project/BigDataset/IoTScenarios/CTU-IoT-Malware-Capture-33-1/bro/conn.log.labeled', '/home/mohit/opt/Malware-Project/BigDataset/IoTScenarios/CTU-Honeypot-Capture-7-1/Somfy-01/bro/conn.log.labeled', '/home/mohit/opt/Malware-Project/BigDataset/IoTScenarios/CTU-IoT-Malware-Capture-48-1/bro/conn.log.labeled', '/home/mohit/opt/Malware-Project/BigDataset/IoTScenarios/CTU-IoT-Malware-Capture-7-1/bro/conn.log.labeled', '/home/mohit/opt/Malware-Project/BigDataset/IoTScenarios/CTU-IoT-Malware-Capture-52-1/bro/conn.log.labeled', '/home/mohit/opt/Malware-Project/BigDataset/IoTScenarios/CTU-IoT-Malware-Capture-1-1/bro/conn.log.labeled', '/home/mohit/opt/Malware-Project/BigDataset/IoTScenarios/CTU-IoT-Malware-Capture-36-1/bro/conn.log.labeled', '/home/mohit/opt/Malware-Project/BigDataset/IoTScenarios/CTU-IoT-Malware-Capture-49-1/bro/conn.log.labeled', '/home/mohit/opt/Malware-Project/BigDataset/IoTScenarios/CTU-IoT-Malware-Capture-3-1/bro/conn.log.labeled']


-------------xxxxxxxx--------------
started processing file: /home/mohit/opt/Malware-Project/BigDataset/IoTScenarios/CTU-IoT-Malware-Capture-34-1/bro/conn.log.labeled
--------------- ORIGINAL FILE -----------------
total_row_count:23144
benign_row_count:1922 and ratio: 0.08304528171448324
malicious_row_count:21222 and ratio: 0.9169547182855168
--------------- UNDER PROCESS -----------------
row count for label: Benign is 1922 -> 96
row count for label: C&C is 6706 -> 335
row count for label: PartOfAHorizontalPortScan is 122 -> 6
row count for label: DDoS is 14394 -> 719
--------------- MINIFIED INDIVIDUAL FILE -------------------------
total_row_count:1156
benign_row_count:96 and ratio: 0.08304498269896193
malicious_row_count:1060 and ratio: 0.916955017301038
-------------xxxxxxxx--------------
-------------xxxxxxxx--------------
started processing file: /home/mohit/opt/Malware-Project/BigDataset/IoTScenarios/CTU-IoT-Malware-Capture-35-1/bro/conn.log.labeled
--------------- ORIGINAL FILE -----------------
total_row_count:10447786
benign_row_count:8262389 and ratio: 0.7908267837798362
malicious_row_count:2185397 and ratio: 0.20917321622016377
--------------- UNDER PROCESS -----------------
